# JRE version: Java(TM) SE Runtime Environment (9.0+11) (build 9.0.1+11)
# Java VM: Java HotSpot(TM) 64-Bit Server VM (9.0.1+11, mixed mode, tiered, compressed oops, g1 gc, windows-amd64)
Heap:
 garbage-first heap   total 2072576K, used 14101K [0x0000000081800000, 0x0000000081903f40, 0x0000000100000000)
  region size 1024K, 5 young (5120K), 5 survivors (5120K)
 Metaspace       used 23291K, capacity 26422K, committed 26496K, reserved 1071104K
  class space    used 3453K, capacity 3960K, committed 3968K, reserved 1048576K
GC Heap History (8 events):
Event: 0.755 GC heap before
{Heap before GC invocations=0 (full 0):
 garbage-first heap   total 131072K, used 19456K [0x0000000081800000, 0x0000000081900400, 0x0000000100000000)
  region size 1024K, 14 young (14336K), 0 survivors (0K)
 Metaspace       used 13262K, capacity 14186K, committed 14464K, reserved 1062912K
  class space    used 1634K, capacity 1815K, committed 1920K, reserved 1048576K
}
Event: 0.761 GC heap after
{Heap after GC invocations=1 (full 0):
 garbage-first heap   total 131072K, used 4155K [0x0000000081800000, 0x0000000081900400, 0x0000000100000000)
  region size 1024K, 2 young (2048K), 2 survivors (2048K)
 Metaspace       used 13262K, capacity 14186K, committed 14464K, reserved 1062912K
  class space    used 1634K, capacity 1815K, committed 1920K, reserved 1048576K
}
Event: 1.067 GC heap before
{Heap before GC invocations=1 (full 0):
 garbage-first heap   total 131072K, used 15419K [0x0000000081800000, 0x0000000081900400, 0x0000000100000000)
  region size 1024K, 8 young (8192K), 2 survivors (2048K)
 Metaspace       used 15942K, capacity 17090K, committed 17280K, reserved 1064960K
  class space    used 2136K, capacity 2372K, committed 2432K, reserved 1048576K
}
Event: 1.072 GC heap after
{Heap after GC invocations=2 (full 0):
 garbage-first heap   total 131072K, used 5697K [0x0000000081800000, 0x0000000081900400, 0x0000000100000000)
  region size 1024K, 1 young (1024K), 1 survivors (1024K)
 Metaspace       used 15942K, capacity 17090K, committed 17280K, reserved 1064960K
  class space    used 2136K, capacity 2372K, committed 2432K, reserved 1048576K
}
Event: 1.543 GC heap before
{Heap before GC invocations=2 (full 0):
 garbage-first heap   total 131072K, used 11841K [0x0000000081800000, 0x0000000081900400, 0x0000000100000000)
  region size 1024K, 8 young (8192K), 1 survivors (1024K)
 Metaspace       used 19462K, capacity 21244K, committed 21296K, reserved 1067008K
  class space    used 2808K, capacity 3151K, committed 3200K, reserved 1048576K
}
Event: 1.548 GC heap after
{Heap after GC invocations=3 (full 0):
 garbage-first heap   total 131072K, used 7285K [0x0000000081800000, 0x0000000081900400, 0x0000000100000000)
  region size 1024K, 3 young (3072K), 3 survivors (3072K)
 Metaspace       used 19462K, capacity 21244K, committed 21296K, reserved 1067008K
  class space    used 2808K, capacity 3151K, committed 3200K, reserved 1048576K
}
Event: 8.526 GC heap before
{Heap before GC invocations=4 (full 0):
 garbage-first heap   total 131072K, used 22645K [0x0000000081800000, 0x0000000081900400, 0x0000000100000000)
  region size 1024K, 14 young (14336K), 3 survivors (3072K)
 Metaspace       used 23291K, capacity 26422K, committed 26496K, reserved 1071104K
  class space    used 3453K, capacity 3960K, committed 3968K, reserved 1048576K
}
Event: 8.536 GC heap after
{Heap after GC invocations=5 (full 0):
 garbage-first heap   total 131072K, used 14101K [0x0000000081800000, 0x0000000081900400, 0x0000000100000000)
  region size 1024K, 5 young (5120K), 5 survivors (5120K)
 Metaspace       used 23291K, capacity 26422K, committed 26496K, reserved 1071104K
  class space    used 3453K, capacity 3960K, committed 3968K, reserved 1048576K
}

