# JRE version: Java(TM) SE Runtime Environment (9.0+11) (build 9.0.1+11)
# Java VM: Java HotSpot(TM) 64-Bit Server VM (9.0.1+11, mixed mode, tiered, compressed oops, g1 gc, windows-amd64)
Heap:
 garbage-first heap   total 2072576K, used 18145K [0x0000000081800000, 0x0000000081903f40, 0x0000000100000000)
  region size 1024K, 1 young (1024K), 1 survivors (1024K)
 Metaspace       used 25927K, capacity 29178K, committed 29568K, reserved 1075200K
  class space    used 3613K, capacity 4118K, committed 4224K, reserved 1048576K
GC Heap History (10 events):
Event: 0.769 GC heap before
{Heap before GC invocations=0 (full 0):
 garbage-first heap   total 131072K, used 19456K [0x0000000081800000, 0x0000000081900400, 0x0000000100000000)
  region size 1024K, 14 young (14336K), 0 survivors (0K)
 Metaspace       used 13294K, capacity 14190K, committed 14464K, reserved 1062912K
  class space    used 1634K, capacity 1815K, committed 1920K, reserved 1048576K
}
Event: 0.774 GC heap after
{Heap after GC invocations=1 (full 0):
 garbage-first heap   total 131072K, used 3795K [0x0000000081800000, 0x0000000081900400, 0x0000000100000000)
  region size 1024K, 2 young (2048K), 2 survivors (2048K)
 Metaspace       used 13294K, capacity 14190K, committed 14464K, reserved 1062912K
  class space    used 1634K, capacity 1815K, committed 1920K, reserved 1048576K
}
Event: 1.217 GC heap before
{Heap before GC invocations=1 (full 0):
 garbage-first heap   total 131072K, used 17107K [0x0000000081800000, 0x0000000081900400, 0x0000000100000000)
  region size 1024K, 10 young (10240K), 2 survivors (2048K)
 Metaspace       used 18230K, capacity 19692K, committed 19840K, reserved 1067008K
  class space    used 2584K, capacity 2867K, committed 2944K, reserved 1048576K
}
Event: 1.224 GC heap after
{Heap after GC invocations=2 (full 0):
 garbage-first heap   total 131072K, used 6186K [0x0000000081800000, 0x0000000081900400, 0x0000000100000000)
  region size 1024K, 2 young (2048K), 2 survivors (2048K)
 Metaspace       used 18230K, capacity 19692K, committed 19840K, reserved 1067008K
  class space    used 2584K, capacity 2867K, committed 2944K, reserved 1048576K
}
Event: 1.375 GC heap before
{Heap before GC invocations=2 (full 0):
 garbage-first heap   total 131072K, used 9258K [0x0000000081800000, 0x0000000081900400, 0x0000000100000000)
  region size 1024K, 6 young (6144K), 2 survivors (2048K)
 Metaspace       used 19408K, capacity 21184K, committed 21296K, reserved 1067008K
  class space    used 2801K, capacity 3151K, committed 3200K, reserved 1048576K
}
Event: 1.379 GC heap after
{Heap after GC invocations=3 (full 0):
 garbage-first heap   total 131072K, used 7210K [0x0000000081800000, 0x0000000081900400, 0x0000000100000000)
  region size 1024K, 3 young (3072K), 3 survivors (3072K)
 Metaspace       used 19408K, capacity 21184K, committed 21296K, reserved 1067008K
  class space    used 2801K, capacity 3151K, committed 3200K, reserved 1048576K
}
Event: 24.597 GC heap before
{Heap before GC invocations=4 (full 0):
 garbage-first heap   total 131072K, used 39936K [0x0000000081800000, 0x0000000081900400, 0x0000000100000000)
  region size 1024K, 30 young (30720K), 3 survivors (3072K)
 Metaspace       used 25558K, capacity 28848K, committed 29056K, reserved 1075200K
  class space    used 3603K, capacity 4117K, committed 4224K, reserved 1048576K
}
Event: 24.609 GC heap after
{Heap after GC invocations=5 (full 0):
 garbage-first heap   total 131072K, used 17191K [0x0000000081800000, 0x0000000081900400, 0x0000000100000000)
  region size 1024K, 4 young (4096K), 4 survivors (4096K)
 Metaspace       used 25558K, capacity 28848K, committed 29056K, reserved 1075200K
  class space    used 3603K, capacity 4117K, committed 4224K, reserved 1048576K
}
Event: 59.943 GC heap before
{Heap before GC invocations=5 (full 0):
 garbage-first heap   total 131072K, used 28455K [0x0000000081800000, 0x0000000081900400, 0x0000000100000000)
  region size 1024K, 16 young (16384K), 4 survivors (4096K)
 Metaspace       used 25927K, capacity 29178K, committed 29568K, reserved 1075200K
  class space    used 3613K, capacity 4118K, committed 4224K, reserved 1048576K
}
Event: 59.954 GC heap after
{Heap after GC invocations=6 (full 0):
 garbage-first heap   total 131072K, used 18145K [0x0000000081800000, 0x0000000081900400, 0x0000000100000000)
  region size 1024K, 1 young (1024K), 1 survivors (1024K)
 Metaspace       used 25927K, capacity 29178K, committed 29568K, reserved 1075200K
  class space    used 3613K, capacity 4118K, committed 4224K, reserved 1048576K
}

