# JRE version: Java(TM) SE Runtime Environment (9.0+11) (build 9.0.1+11)
# Java VM: Java HotSpot(TM) 64-Bit Server VM (9.0.1+11, mixed mode, tiered, compressed oops, g1 gc, windows-amd64)
Heap:
 garbage-first heap   total 2072576K, used 14746K [0x0000000081800000, 0x0000000081903f40, 0x0000000100000000)
  region size 1024K, 4 young (4096K), 4 survivors (4096K)
 Metaspace       used 25725K, capacity 28922K, committed 29056K, reserved 1075200K
  class space    used 3635K, capacity 4140K, committed 4224K, reserved 1048576K
GC Heap History (8 events):
Event: 0.933 GC heap before
{Heap before GC invocations=0 (full 0):
 garbage-first heap   total 131072K, used 19456K [0x0000000081800000, 0x0000000081900400, 0x0000000100000000)
  region size 1024K, 14 young (14336K), 0 survivors (0K)
 Metaspace       used 13320K, capacity 14190K, committed 14464K, reserved 1062912K
  class space    used 1633K, capacity 1815K, committed 1920K, reserved 1048576K
}
Event: 0.939 GC heap after
{Heap after GC invocations=1 (full 0):
 garbage-first heap   total 131072K, used 3944K [0x0000000081800000, 0x0000000081900400, 0x0000000100000000)
  region size 1024K, 2 young (2048K), 2 survivors (2048K)
 Metaspace       used 13320K, capacity 14190K, committed 14464K, reserved 1062912K
  class space    used 1633K, capacity 1815K, committed 1920K, reserved 1048576K
}
Event: 1.060 GC heap before
{Heap before GC invocations=1 (full 0):
 garbage-first heap   total 131072K, used 8040K [0x0000000081800000, 0x0000000081900400, 0x0000000100000000)
  region size 1024K, 6 young (6144K), 2 survivors (2048K)
 Metaspace       used 14542K, capacity 15560K, committed 15616K, reserved 1062912K
  class space    used 1832K, capacity 2043K, committed 2048K, reserved 1048576K
}
Event: 1.068 GC heap after
{Heap after GC invocations=2 (full 0):
 garbage-first heap   total 131072K, used 5478K [0x0000000081800000, 0x0000000081900400, 0x0000000100000000)
  region size 1024K, 1 young (1024K), 1 survivors (1024K)
 Metaspace       used 14542K, capacity 15560K, committed 15616K, reserved 1062912K
  class space    used 1832K, capacity 2043K, committed 2048K, reserved 1048576K
}
Event: 1.657 GC heap before
{Heap before GC invocations=2 (full 0):
 garbage-first heap   total 131072K, used 18790K [0x0000000081800000, 0x0000000081900400, 0x0000000100000000)
  region size 1024K, 10 young (10240K), 1 survivors (1024K)
 Metaspace       used 19429K, capacity 21244K, committed 21296K, reserved 1067008K
  class space    used 2802K, capacity 3151K, committed 3200K, reserved 1048576K
}
Event: 1.662 GC heap after
{Heap after GC invocations=3 (full 0):
 garbage-first heap   total 131072K, used 7421K [0x0000000081800000, 0x0000000081900400, 0x0000000100000000)
  region size 1024K, 3 young (3072K), 3 survivors (3072K)
 Metaspace       used 19429K, capacity 21244K, committed 21296K, reserved 1067008K
  class space    used 2802K, capacity 3151K, committed 3200K, reserved 1048576K
}
Event: 50.752 GC heap before
{Heap before GC invocations=4 (full 0):
 garbage-first heap   total 131072K, used 40189K [0x0000000081800000, 0x0000000081900400, 0x0000000100000000)
  region size 1024K, 25 young (25600K), 3 survivors (3072K)
 Metaspace       used 25725K, capacity 28922K, committed 29056K, reserved 1075200K
  class space    used 3635K, capacity 4140K, committed 4224K, reserved 1048576K
}
Event: 50.764 GC heap after
{Heap after GC invocations=5 (full 0):
 garbage-first heap   total 131072K, used 14746K [0x0000000081800000, 0x0000000081900400, 0x0000000100000000)
  region size 1024K, 4 young (4096K), 4 survivors (4096K)
 Metaspace       used 25725K, capacity 28922K, committed 29056K, reserved 1075200K
  class space    used 3635K, capacity 4140K, committed 4224K, reserved 1048576K
}

